2021-05-08 16:49:38.491 - INFO - 4634 - azureml.train.automl._experiment_drivers.driver_utilities.modify_run_configuration:199 - Package azureml-train-automl missing from dependencies file.
2021-05-08 16:49:38.491 - INFO - 4634 - azureml.train.automl._experiment_drivers.driver_utilities.modify_run_configuration:205 - Using pinned version: azureml-train-automl==1.27.0.*
2021-05-08 16:49:38.492 - INFO - 4634 - azureml.train.automl._experiment_drivers.driver_utilities.modify_run_configuration:199 - Package pandas missing from dependencies file.
2021-05-08 16:49:38.492 - INFO - 4634 - azureml.train.automl._experiment_drivers.driver_utilities.modify_run_configuration:205 - Using pinned version: pandas==0.25.1
2021-05-08 16:49:38.492 - INFO - 4634 - azureml.train.automl._experiment_drivers.driver_utilities.modify_run_configuration:199 - Package psutil missing from dependencies file.
2021-05-08 16:49:38.493 - INFO - 4634 - azureml.train.automl._experiment_drivers.driver_utilities.modify_run_configuration:205 - Using pinned version: psutil>5.0.0,<6.0.0
2021-05-08 16:49:38.493 - INFO - 4634 - azureml.train.automl._experiment_drivers.driver_utilities.modify_run_configuration:199 - Package scikit-learn missing from dependencies file.
2021-05-08 16:49:38.493 - INFO - 4634 - azureml.train.automl._experiment_drivers.driver_utilities.modify_run_configuration:205 - Using pinned version: scikit-learn==0.22.1
2021-05-08 16:49:38.493 - INFO - 4634 - azureml.train.automl._experiment_drivers.driver_utilities.modify_run_configuration:199 - Package numpy missing from dependencies file.
2021-05-08 16:49:38.494 - INFO - 4634 - azureml.train.automl._experiment_drivers.driver_utilities.modify_run_configuration:205 - Using pinned version: numpy~=1.18.0
2021-05-08 16:49:38.494 - INFO - 4634 - azureml.train.automl._experiment_drivers.driver_utilities.modify_run_configuration:199 - Package py-xgboost missing from dependencies file.
2021-05-08 16:49:38.494 - INFO - 4634 - azureml.train.automl._experiment_drivers.driver_utilities.modify_run_configuration:205 - Using pinned version: py-xgboost<=0.90
2021-05-08 16:49:38.501 - INFO - 4634 - azureml.train.automl._experiment_drivers.driver_utilities.modify_run_configuration:199 - Package inference-schema missing from dependencies file.
2021-05-08 16:49:38.502 - INFO - 4634 - azureml.train.automl._experiment_drivers.driver_utilities.modify_run_configuration:199 - Package fbprophet missing from dependencies file.
2021-05-08 16:49:38.502 - INFO - 4634 - azureml.train.automl._experiment_drivers.driver_utilities.modify_run_configuration:205 - Using pinned version: fbprophet==0.5
2021-05-08 16:49:38.502 - INFO - 4634 - azureml.train.automl._experiment_drivers.driver_utilities.modify_run_configuration:199 - Package setuptools-git missing from dependencies file.
2021-05-08 16:49:38.503 - INFO - 4634 - azureml.train.automl._experiment_drivers.driver_utilities.modify_run_configuration:209 - Using installed version: setuptools-git==1.2
2021-05-08 16:49:38.504 - INFO - 4634 - azureml.automl.core.dataset_utilities._save_datasets_to_json:131 - JSON serialization of input of type <class 'NoneType'> is un-supported.
2021-05-08 16:49:38.504 - INFO - 4634 - azureml.automl.core.dataset_utilities._save_datasets_to_json:131 - JSON serialization of input of type <class 'NoneType'> is un-supported.
2021-05-08 16:49:38.505 - INFO - 4634 - azureml.train.automl._experiment_drivers.driver_utilities.validate_input:124 - Start data validation.
2021-05-08 16:49:41.126 - INFO - 4634 - azureml.train.automl._experiment_drivers.driver_utilities.validate_input:137 - Validation service found the data has no errors.
2021-05-08 16:49:41.127 - INFO - 4634 - azureml.train.automl._experiment_drivers.driver_utilities.create_remote_parent_run:381 - Start creating parent run.
2021-05-08 16:49:41.652 - INFO - 4634 - azureml.train.automl._experiment_drivers.driver_utilities.create_remote_parent_run:401 - [ParentRunID:AutoML_02a88637-5957-40bb-9d85-ab32cf15d653] Remote run using input X and y.
2021-05-08 16:49:42.056 - INFO - 4634 - azureml.train.automl._experiment_drivers.driver_utilities.start_remote_run:336 - Starting a snapshot run (snapshot_id : None)
